<?xml version="1.0" encoding="UTF-8"?>
<coverage generated="1773215077761" clover="3.2.0">
  <project timestamp="1773215077761" name="All files">
    <metrics statements="121" coveredstatements="109" conditionals="66" coveredconditionals="51" methods="26" coveredmethods="19" elements="213" coveredelements="179" complexity="0" loc="121" ncloc="121" packages="1" files="3" classes="3"/>
    <file name="habit-grid.tsx" path="/Users/Enrique_Zetina/Documents/commit_app/web/src/components/habit-grid.tsx">
      <metrics statements="66" coveredstatements="64" conditionals="35" coveredconditionals="28" methods="10" coveredmethods="9"/>
      <line num="14" count="1" type="stmt"/>
      <line num="15" count="1" type="stmt"/>
      <line num="16" count="1" type="stmt"/>
      <line num="17" count="1" type="stmt"/>
      <line num="19" count="1" type="stmt"/>
      <line num="20" count="1" type="stmt"/>
      <line num="22" count="1" type="stmt"/>
      <line num="24" count="1" type="cond" truecount="1" falsecount="0"/>
      <line num="25" count="5" type="stmt"/>
      <line num="27" count="5" type="stmt"/>
      <line num="28" count="3" type="stmt"/>
      <line num="29" count="3" type="stmt"/>
      <line num="30" count="3" type="stmt"/>
      <line num="33" count="5" type="stmt"/>
      <line num="34" count="3" type="cond" truecount="2" falsecount="0"/>
      <line num="35" count="2" type="stmt"/>
      <line num="39" count="5" type="stmt"/>
      <line num="40" count="5" type="stmt"/>
      <line num="41" count="5" type="stmt"/>
      <line num="42" count="5" type="stmt"/>
      <line num="44" count="5" type="stmt"/>
      <line num="45" count="5" type="stmt"/>
      <line num="48" count="5" type="stmt"/>
      <line num="49" count="5" type="stmt"/>
      <line num="52" count="5" type="stmt"/>
      <line num="53" count="5" type="stmt"/>
      <line num="55" count="5" type="stmt"/>
      <line num="56" count="5" type="stmt"/>
      <line num="58" count="5" type="stmt"/>
      <line num="59" count="1840" type="stmt"/>
      <line num="60" count="1840" type="cond" truecount="2" falsecount="0"/>
      <line num="63" count="1840" type="stmt"/>
      <line num="64" count="1840" type="cond" truecount="2" falsecount="0"/>
      <line num="65" count="4" type="cond" truecount="1" falsecount="1"/>
      <line num="66" count="0" type="stmt"/>
      <line num="68" count="4" type="stmt"/>
      <line num="69" count="4" type="cond" truecount="1" falsecount="1"/>
      <line num="70" count="4" type="cond" truecount="1" falsecount="1"/>
      <line num="71" count="4" type="cond" truecount="1" falsecount="1"/>
      <line num="72" count="4" type="stmt"/>
      <line num="76" count="1840" type="stmt"/>
      <line num="85" count="1840" type="cond" truecount="2" falsecount="0"/>
      <line num="86" count="265" type="stmt"/>
      <line num="87" count="265" type="cond" truecount="2" falsecount="0"/>
      <line num="89" count="65" type="stmt"/>
      <line num="90" count="65" type="stmt"/>
      <line num="94" count="1840" type="cond" truecount="2" falsecount="0"/>
      <line num="95" count="260" type="stmt"/>
      <line num="97" count="1840" type="stmt"/>
      <line num="99" count="5" type="stmt"/>
      <line num="102" count="5" type="stmt"/>
      <line num="103" count="5" type="stmt"/>
      <line num="105" count="5" type="stmt"/>
      <line num="112" count="0" type="stmt"/>
      <line num="116" count="65" type="stmt"/>
      <line num="132" count="1840" type="stmt"/>
      <line num="133" count="1840" type="stmt"/>
      <line num="135" count="1840" type="stmt"/>
      <line num="136" count="1840" type="cond" truecount="1" falsecount="1"/>
      <line num="137" count="1840" type="cond" truecount="1" falsecount="1"/>
      <line num="138" count="1840" type="cond" truecount="1" falsecount="1"/>
      <line num="139" count="1840" type="cond" truecount="2" falsecount="0"/>
      <line num="141" count="1840" type="cond" truecount="2" falsecount="0"/>
      <line num="142" count="1840" type="cond" truecount="2" falsecount="0"/>
      <line num="146" count="1840" type="stmt"/>
      <line num="156" count="2" type="stmt"/>
    </file>
    <file name="insights-panel.tsx" path="/Users/Enrique_Zetina/Documents/commit_app/web/src/components/insights-panel.tsx">
      <metrics statements="36" coveredstatements="27" conditionals="23" coveredconditionals="17" methods="13" coveredmethods="7"/>
      <line num="15" count="1" type="stmt"/>
      <line num="16" count="5" type="stmt"/>
      <line num="17" count="5" type="stmt"/>
      <line num="18" count="5" type="stmt"/>
      <line num="19" count="5" type="stmt"/>
      <line num="21" count="5" type="stmt"/>
      <line num="22" count="3" type="cond" truecount="2" falsecount="0"/>
      <line num="23" count="2" type="stmt"/>
      <line num="24" count="2" type="stmt"/>
      <line num="25" count="2" type="stmt"/>
      <line num="26" count="2" type="stmt"/>
      <line num="30" count="5" type="stmt"/>
      <line num="31" count="5" type="cond" truecount="4" falsecount="0"/>
      <line num="33" count="2" type="stmt"/>
      <line num="35" count="2" type="cond" truecount="1" falsecount="1"/>
      <line num="36" count="2" type="stmt"/>
      <line num="37" count="0" type="stmt"/>
      <line num="38" count="0" type="stmt"/>
      <line num="39" count="0" type="stmt"/>
      <line num="40" count="0" type="stmt"/>
      <line num="42" count="0" type="stmt"/>
      <line num="44" count="2" type="stmt"/>
      <line num="46" count="0" type="stmt"/>
      <line num="47" count="0" type="stmt"/>
      <line num="48" count="0" type="stmt"/>
      <line num="50" count="0" type="stmt"/>
      <line num="54" count="5" type="cond" truecount="2" falsecount="0"/>
      <line num="56" count="4" type="stmt"/>
      <line num="78" count="2" type="cond" truecount="1" falsecount="1"/>
      <line num="80" count="2" type="cond" truecount="1" falsecount="1"/>
      <line num="81" count="2" type="stmt"/>
      <line num="82" count="2" type="stmt"/>
      <line num="84" count="2" type="stmt"/>
      <line num="90" count="2" type="cond" truecount="1" falsecount="1"/>
      <line num="91" count="2" type="cond" truecount="1" falsecount="1"/>
      <line num="92" count="2" type="stmt"/>
    </file>
    <file name="quote-banner.tsx" path="/Users/Enrique_Zetina/Documents/commit_app/web/src/components/quote-banner.tsx">
      <metrics statements="19" coveredstatements="18" conditionals="8" coveredconditionals="6" methods="3" coveredmethods="3"/>
      <line num="9" count="1" type="stmt"/>
      <line num="10" count="5" type="stmt"/>
      <line num="11" count="5" type="stmt"/>
      <line num="13" count="5" type="stmt"/>
      <line num="14" count="3" type="stmt"/>
      <line num="15" count="3" type="stmt"/>
      <line num="16" count="3" type="stmt"/>
      <line num="17" count="2" type="cond" truecount="1" falsecount="1"/>
      <line num="18" count="2" type="stmt"/>
      <line num="19" count="2" type="stmt"/>
      <line num="22" count="0" type="stmt"/>
      <line num="24" count="2" type="stmt"/>
      <line num="28" count="3" type="stmt"/>
      <line num="31" count="5" type="cond" truecount="2" falsecount="0"/>
      <line num="32" count="3" type="stmt"/>
      <line num="42" count="2" type="cond" truecount="1" falsecount="1"/>
      <line num="45" count="2" type="stmt"/>
      <line num="46" count="2" type="cond" truecount="2" falsecount="0"/>
      <line num="50" count="5" type="stmt"/>
    </file>
  </project>
</coverage>
