{"/Users/Enrique_Zetina/Documents/commit_app/web/src/components/habit-grid.tsx": {"path":"/Users/Enrique_Zetina/Documents/commit_app/web/src/components/habit-grid.tsx","statementMap":{"0":{"start":{"line":14,"column":20},"end":{"line":14,"column":null}},"1":{"start":{"line":15,"column":12},"end":{"line":15,"column":null}},"2":{"start":{"line":16,"column":13},"end":{"line":16,"column":null}},"3":{"start":{"line":17,"column":14},"end":{"line":17,"column":null}},"4":{"start":{"line":19,"column":23},"end":{"line":19,"column":null}},"5":{"start":{"line":20,"column":23},"end":{"line":20,"column":null}},"6":{"start":{"line":22,"column":20},"end":{"line":22,"column":null}},"7":{"start":{"line":24,"column":13},"end":{"line":190,"column":null}},"8":{"start":{"line":25,"column":18},"end":{"line":25,"column":93}},"9":{"start":{"line":27,"column":8},"end":{"line":31,"column":19}},"10":{"start":{"line":28,"column":14},"end":{"line":28,"column":39}},"11":{"start":{"line":29,"column":4},"end":{"line":29,"column":null}},"12":{"start":{"line":29,"column":29},"end":{"line":29,"column":51}},"13":{"start":{"line":30,"column":4},"end":{"line":30,"column":null}},"14":{"start":{"line":33,"column":8},"end":{"line":36,"column":19}},"15":{"start":{"line":34,"column":4},"end":{"line":34,"column":null}},"16":{"start":{"line":34,"column":34},"end":{"line":34,"column":null}},"17":{"start":{"line":35,"column":4},"end":{"line":35,"column":null}},"18":{"start":{"line":35,"column":44},"end":{"line":35,"column":52}},"19":{"start":{"line":39,"column":19},"end":{"line":100,"column":40}},"20":{"start":{"line":40,"column":18},"end":{"line":40,"column":20}},"21":{"start":{"line":41,"column":20},"end":{"line":41,"column":22}},"22":{"start":{"line":42,"column":23},"end":{"line":42,"column":null}},"23":{"start":{"line":44,"column":16},"end":{"line":44,"column":35}},"24":{"start":{"line":45,"column":4},"end":{"line":45,"column":null}},"25":{"start":{"line":48,"column":18},"end":{"line":48,"column":31}},"26":{"start":{"line":49,"column":4},"end":{"line":49,"column":null}},"27":{"start":{"line":52,"column":22},"end":{"line":52,"column":39}},"28":{"start":{"line":53,"column":4},"end":{"line":53,"column":null}},"29":{"start":{"line":55,"column":20},"end":{"line":55,"column":35}},"30":{"start":{"line":56,"column":20},"end":{"line":56,"column":null}},"31":{"start":{"line":58,"column":4},"end":{"line":97,"column":null}},"32":{"start":{"line":59,"column":22},"end":{"line":59,"column":null}},"33":{"start":{"line":60,"column":18},"end":{"line":60,"column":null}},"34":{"start":{"line":63,"column":22},"end":{"line":63,"column":null}},"35":{"start":{"line":64,"column":6},"end":{"line":72,"column":null}},"36":{"start":{"line":65,"column":8},"end":{"line":72,"column":null}},"37":{"start":{"line":66,"column":10},"end":{"line":66,"column":null}},"38":{"start":{"line":68,"column":24},"end":{"line":68,"column":null}},"39":{"start":{"line":69,"column":10},"end":{"line":72,"column":null}},"40":{"start":{"line":69,"column":29},"end":{"line":69,"column":null}},"41":{"start":{"line":70,"column":19},"end":{"line":72,"column":null}},"42":{"start":{"line":70,"column":33},"end":{"line":70,"column":null}},"43":{"start":{"line":71,"column":19},"end":{"line":72,"column":null}},"44":{"start":{"line":71,"column":34},"end":{"line":71,"column":null}},"45":{"start":{"line":72,"column":15},"end":{"line":72,"column":null}},"46":{"start":{"line":76,"column":6},"end":{"line":82,"column":null}},"47":{"start":{"line":85,"column":6},"end":{"line":90,"column":null}},"48":{"start":{"line":86,"column":18},"end":{"line":86,"column":39}},"49":{"start":{"line":87,"column":8},"end":{"line":90,"column":null}},"50":{"start":{"line":89,"column":10},"end":{"line":89,"column":null}},"51":{"start":{"line":90,"column":10},"end":{"line":90,"column":null}},"52":{"start":{"line":94,"column":6},"end":{"line":95,"column":null}},"53":{"start":{"line":95,"column":8},"end":{"line":95,"column":null}},"54":{"start":{"line":97,"column":6},"end":{"line":97,"column":null}},"55":{"start":{"line":99,"column":4},"end":{"line":99,"column":null}},"56":{"start":{"line":102,"column":20},"end":{"line":102,"column":null}},"57":{"start":{"line":103,"column":21},"end":{"line":103,"column":null}},"58":{"start":{"line":105,"column":2},"end":{"line":190,"column":null}},"59":{"start":{"line":112,"column":28},"end":{"line":112,"column":44}},"60":{"start":{"line":116,"column":10},"end":{"line":122,"column":null}},"61":{"start":{"line":132,"column":20},"end":{"line":132,"column":null}},"62":{"start":{"line":133,"column":20},"end":{"line":133,"column":null}},"63":{"start":{"line":135,"column":27},"end":{"line":135,"column":null}},"64":{"start":{"line":136,"column":10},"end":{"line":136,"column":null}},"65":{"start":{"line":136,"column":38},"end":{"line":136,"column":null}},"66":{"start":{"line":137,"column":10},"end":{"line":137,"column":null}},"67":{"start":{"line":137,"column":38},"end":{"line":137,"column":null}},"68":{"start":{"line":138,"column":10},"end":{"line":138,"column":null}},"69":{"start":{"line":138,"column":38},"end":{"line":138,"column":null}},"70":{"start":{"line":139,"column":10},"end":{"line":139,"column":null}},"71":{"start":{"line":139,"column":38},"end":{"line":139,"column":null}},"72":{"start":{"line":141,"column":27},"end":{"line":141,"column":null}},"73":{"start":{"line":142,"column":30},"end":{"line":144,"column":null}},"74":{"start":{"line":146,"column":10},"end":{"line":162,"column":null}},"75":{"start":{"line":156,"column":16},"end":{"line":160,"column":null}}},"fnMap":{"0":{"name":"(anonymous_0)","decl":{"start":{"line":24,"column":13},"end":{"line":24,"column":52}},"loc":{"start":{"line":24,"column":109},"end":{"line":190,"column":null}},"line":24},"1":{"name":"(anonymous_1)","decl":{"start":{"line":27,"column":24},"end":{"line":27,"column":38}},"loc":{"start":{"line":27,"column":38},"end":{"line":31,"column":6}},"line":27},"2":{"name":"(anonymous_2)","decl":{"start":{"line":29,"column":16},"end":{"line":29,"column":24}},"loc":{"start":{"line":29,"column":29},"end":{"line":29,"column":51}},"line":29},"3":{"name":"(anonymous_3)","decl":{"start":{"line":33,"column":17},"end":{"line":33,"column":31}},"loc":{"start":{"line":33,"column":31},"end":{"line":36,"column":6}},"line":33},"4":{"name":"(anonymous_4)","decl":{"start":{"line":35,"column":35},"end":{"line":35,"column":39}},"loc":{"start":{"line":35,"column":44},"end":{"line":35,"column":52}},"line":35},"5":{"name":"(anonymous_5)","decl":{"start":{"line":39,"column":35},"end":{"line":39,"column":49}},"loc":{"start":{"line":39,"column":49},"end":{"line":100,"column":6}},"line":39},"6":{"name":"(anonymous_6)","decl":{"start":{"line":112,"column":8},"end":{"line":112,"column":28}},"loc":{"start":{"line":112,"column":28},"end":{"line":112,"column":44}},"line":112},"7":{"name":"(anonymous_7)","decl":{"start":{"line":115,"column":21},"end":{"line":115,"column":26}},"loc":{"start":{"line":116,"column":10},"end":{"line":122,"column":null}},"line":116},"8":{"name":"(anonymous_8)","decl":{"start":{"line":131,"column":17},"end":{"line":131,"column":22}},"loc":{"start":{"line":131,"column":33},"end":{"line":162,"column":null}},"line":131},"9":{"name":"(anonymous_9)","decl":{"start":{"line":155,"column":14},"end":{"line":155,"column":34}},"loc":{"start":{"line":155,"column":34},"end":{"line":160,"column":null}},"line":155}},"branchMap":{"0":{"loc":{"start":{"line":24,"column":80},"end":{"line":24,"column":102}},"type":"default-arg","locations":[{"start":{"line":24,"column":92},"end":{"line":24,"column":102}}],"line":24},"1":{"loc":{"start":{"line":34,"column":4},"end":{"line":34,"column":null}},"type":"if","locations":[{"start":{"line":34,"column":4},"end":{"line":34,"column":null}},{"start":{},"end":{}}],"line":34},"2":{"loc":{"start":{"line":60,"column":18},"end":{"line":60,"column":null}},"type":"binary-expr","locations":[{"start":{"line":60,"column":18},"end":{"line":60,"column":44}},{"start":{"line":60,"column":48},"end":{"line":60,"column":null}}],"line":60},"3":{"loc":{"start":{"line":64,"column":6},"end":{"line":72,"column":null}},"type":"if","locations":[{"start":{"line":64,"column":6},"end":{"line":72,"column":null}},{"start":{},"end":{}}],"line":64},"4":{"loc":{"start":{"line":65,"column":8},"end":{"line":72,"column":null}},"type":"if","locations":[{"start":{"line":65,"column":8},"end":{"line":72,"column":null}},{"start":{"line":67,"column":15},"end":{"line":72,"column":null}}],"line":65},"5":{"loc":{"start":{"line":69,"column":10},"end":{"line":72,"column":null}},"type":"if","locations":[{"start":{"line":69,"column":10},"end":{"line":72,"column":null}},{"start":{"line":70,"column":19},"end":{"line":72,"column":null}}],"line":69},"6":{"loc":{"start":{"line":70,"column":19},"end":{"line":72,"column":null}},"type":"if","locations":[{"start":{"line":70,"column":19},"end":{"line":72,"column":null}},{"start":{"line":71,"column":19},"end":{"line":72,"column":null}}],"line":70},"7":{"loc":{"start":{"line":71,"column":19},"end":{"line":72,"column":null}},"type":"if","locations":[{"start":{"line":71,"column":19},"end":{"line":72,"column":null}},{"start":{"line":72,"column":15},"end":{"line":72,"column":null}}],"line":71},"8":{"loc":{"start":{"line":85,"column":6},"end":{"line":90,"column":null}},"type":"if","locations":[{"start":{"line":85,"column":6},"end":{"line":90,"column":null}},{"start":{},"end":{}}],"line":85},"9":{"loc":{"start":{"line":87,"column":8},"end":{"line":90,"column":null}},"type":"if","locations":[{"start":{"line":87,"column":8},"end":{"line":90,"column":null}},{"start":{},"end":{}}],"line":87},"10":{"loc":{"start":{"line":94,"column":6},"end":{"line":95,"column":null}},"type":"if","locations":[{"start":{"line":94,"column":6},"end":{"line":95,"column":null}},{"start":{},"end":{}}],"line":94},"11":{"loc":{"start":{"line":136,"column":10},"end":{"line":136,"column":null}},"type":"if","locations":[{"start":{"line":136,"column":10},"end":{"line":136,"column":null}},{"start":{},"end":{}}],"line":136},"12":{"loc":{"start":{"line":137,"column":10},"end":{"line":137,"column":null}},"type":"if","locations":[{"start":{"line":137,"column":10},"end":{"line":137,"column":null}},{"start":{},"end":{}}],"line":137},"13":{"loc":{"start":{"line":138,"column":10},"end":{"line":138,"column":null}},"type":"if","locations":[{"start":{"line":138,"column":10},"end":{"line":138,"column":null}},{"start":{},"end":{}}],"line":138},"14":{"loc":{"start":{"line":139,"column":10},"end":{"line":139,"column":null}},"type":"if","locations":[{"start":{"line":139,"column":10},"end":{"line":139,"column":null}},{"start":{},"end":{}}],"line":139},"15":{"loc":{"start":{"line":141,"column":27},"end":{"line":141,"column":null}},"type":"cond-expr","locations":[{"start":{"line":141,"column":41},"end":{"line":141,"column":61}},{"start":{"line":141,"column":61},"end":{"line":141,"column":null}}],"line":141},"16":{"loc":{"start":{"line":142,"column":30},"end":{"line":144,"column":null}},"type":"cond-expr","locations":[{"start":{"line":143,"column":14},"end":{"line":143,"column":null}},{"start":{"line":144,"column":14},"end":{"line":144,"column":null}}],"line":142},"17":{"loc":{"start":{"line":168,"column":7},"end":{"line":178,"column":null}},"type":"binary-expr","locations":[{"start":{"line":168,"column":7},"end":{"line":168,"column":null}},{"start":{"line":169,"column":8},"end":{"line":178,"column":null}}],"line":168}},"s":{"0":1,"1":1,"2":1,"3":1,"4":1,"5":1,"6":1,"7":1,"8":5,"9":5,"10":3,"11":3,"12":2,"13":3,"14":5,"15":3,"16":1,"17":2,"18":2,"19":5,"20":5,"21":5,"22":5,"23":5,"24":5,"25":5,"26":5,"27":5,"28":5,"29":5,"30":5,"31":5,"32":1845,"33":1845,"34":1845,"35":1845,"36":4,"37":0,"38":4,"39":4,"40":0,"41":4,"42":0,"43":4,"44":0,"45":4,"46":1845,"47":1845,"48":265,"49":265,"50":65,"51":65,"52":1845,"53":260,"54":1845,"55":5,"56":5,"57":5,"58":5,"59":0,"60":65,"61":1845,"62":1845,"63":1845,"64":1845,"65":0,"66":1845,"67":0,"68":1845,"69":0,"70":1845,"71":4,"72":1845,"73":1845,"74":1845,"75":2},"f":{"0":5,"1":3,"2":2,"3":3,"4":2,"5":5,"6":0,"7":65,"8":1845,"9":2},"b":{"0":[5],"1":[1,2],"2":[1845,1841],"3":[4,1841],"4":[0,4],"5":[0,4],"6":[0,4],"7":[0,4],"8":[265,1580],"9":[65,200],"10":[260,1585],"11":[0,1845],"12":[0,1845],"13":[0,1845],"14":[4,1841],"15":[1107,738],"16":[4,1841],"17":[5,2]},"meta":{"lastBranch":18,"lastFunction":10,"lastStatement":76,"seen":{"s:14:20:14:Infinity":0,"s:15:12:15:Infinity":1,"s:16:13:16:Infinity":2,"s:17:14:17:Infinity":3,"s:19:23:19:Infinity":4,"s:20:23:20:Infinity":5,"s:22:20:22:Infinity":6,"s:24:13:190:Infinity":7,"f:24:13:24:52":0,"b:24:92:24:102":0,"s:25:18:25:93":8,"s:27:8:31:19":9,"f:27:24:27:38":1,"s:28:14:28:39":10,"s:29:4:29:Infinity":11,"f:29:16:29:24":2,"s:29:29:29:51":12,"s:30:4:30:Infinity":13,"s:33:8:36:19":14,"f:33:17:33:31":3,"b:34:4:34:Infinity:undefined:undefined:undefined:undefined":1,"s:34:4:34:Infinity":15,"s:34:34:34:Infinity":16,"s:35:4:35:Infinity":17,"f:35:35:35:39":4,"s:35:44:35:52":18,"s:39:19:100:40":19,"f:39:35:39:49":5,"s:40:18:40:20":20,"s:41:20:41:22":21,"s:42:23:42:Infinity":22,"s:44:16:44:35":23,"s:45:4:45:Infinity":24,"s:48:18:48:31":25,"s:49:4:49:Infinity":26,"s:52:22:52:39":27,"s:53:4:53:Infinity":28,"s:55:20:55:35":29,"s:56:20:56:Infinity":30,"s:58:4:97:Infinity":31,"s:59:22:59:Infinity":32,"s:60:18:60:Infinity":33,"b:60:18:60:44:60:48:60:Infinity":2,"s:63:22:63:Infinity":34,"b:64:6:72:Infinity:undefined:undefined:undefined:undefined":3,"s:64:6:72:Infinity":35,"b:65:8:72:Infinity:67:15:72:Infinity":4,"s:65:8:72:Infinity":36,"s:66:10:66:Infinity":37,"s:68:24:68:Infinity":38,"b:69:10:72:Infinity:70:19:72:Infinity":5,"s:69:10:72:Infinity":39,"s:69:29:69:Infinity":40,"b:70:19:72:Infinity:71:19:72:Infinity":6,"s:70:19:72:Infinity":41,"s:70:33:70:Infinity":42,"b:71:19:72:Infinity:72:15:72:Infinity":7,"s:71:19:72:Infinity":43,"s:71:34:71:Infinity":44,"s:72:15:72:Infinity":45,"s:76:6:82:Infinity":46,"b:85:6:90:Infinity:undefined:undefined:undefined:undefined":8,"s:85:6:90:Infinity":47,"s:86:18:86:39":48,"b:87:8:90:Infinity:undefined:undefined:undefined:undefined":9,"s:87:8:90:Infinity":49,"s:89:10:89:Infinity":50,"s:90:10:90:Infinity":51,"b:94:6:95:Infinity:undefined:undefined:undefined:undefined":10,"s:94:6:95:Infinity":52,"s:95:8:95:Infinity":53,"s:97:6:97:Infinity":54,"s:99:4:99:Infinity":55,"s:102:20:102:Infinity":56,"s:103:21:103:Infinity":57,"s:105:2:190:Infinity":58,"f:112:8:112:28":6,"s:112:28:112:44":59,"f:115:21:115:26":7,"s:116:10:122:Infinity":60,"f:131:17:131:22":8,"s:132:20:132:Infinity":61,"s:133:20:133:Infinity":62,"s:135:27:135:Infinity":63,"b:136:10:136:Infinity:undefined:undefined:undefined:undefined":11,"s:136:10:136:Infinity":64,"s:136:38:136:Infinity":65,"b:137:10:137:Infinity:undefined:undefined:undefined:undefined":12,"s:137:10:137:Infinity":66,"s:137:38:137:Infinity":67,"b:138:10:138:Infinity:undefined:undefined:undefined:undefined":13,"s:138:10:138:Infinity":68,"s:138:38:138:Infinity":69,"b:139:10:139:Infinity:undefined:undefined:undefined:undefined":14,"s:139:10:139:Infinity":70,"s:139:38:139:Infinity":71,"s:141:27:141:Infinity":72,"b:141:41:141:61:141:61:141:Infinity":15,"s:142:30:144:Infinity":73,"b:143:14:143:Infinity:144:14:144:Infinity":16,"s:146:10:162:Infinity":74,"f:155:14:155:34":9,"s:156:16:160:Infinity":75,"b:168:7:168:Infinity:169:8:178:Infinity":17}}}
,"/Users/Enrique_Zetina/Documents/commit_app/web/src/components/insights-panel.tsx": {"path":"/Users/Enrique_Zetina/Documents/commit_app/web/src/components/insights-panel.tsx","statementMap":{"0":{"start":{"line":15,"column":13},"end":{"line":105,"column":null}},"1":{"start":{"line":16,"column":24},"end":{"line":16,"column":66}},"2":{"start":{"line":17,"column":23},"end":{"line":17,"column":53}},"3":{"start":{"line":18,"column":20},"end":{"line":18,"column":47}},"4":{"start":{"line":19,"column":19},"end":{"line":19,"column":49}},"5":{"start":{"line":21,"column":2},"end":{"line":28,"column":null}},"6":{"start":{"line":22,"column":4},"end":{"line":26,"column":null}},"7":{"start":{"line":23,"column":6},"end":{"line":23,"column":null}},"8":{"start":{"line":23,"column":42},"end":{"line":23,"column":45}},"9":{"start":{"line":24,"column":6},"end":{"line":24,"column":null}},"10":{"start":{"line":25,"column":6},"end":{"line":25,"column":null}},"11":{"start":{"line":26,"column":6},"end":{"line":26,"column":null}},"12":{"start":{"line":30,"column":2},"end":{"line":52,"column":null}},"13":{"start":{"line":31,"column":4},"end":{"line":31,"column":null}},"14":{"start":{"line":31,"column":54},"end":{"line":31,"column":null}},"15":{"start":{"line":33,"column":27},"end":{"line":33,"column":null}},"16":{"start":{"line":35,"column":4},"end":{"line":50,"column":null}},"17":{"start":{"line":36,"column":22},"end":{"line":43,"column":12}},"18":{"start":{"line":37,"column":8},"end":{"line":41,"column":null}},"19":{"start":{"line":38,"column":26},"end":{"line":38,"column":35}},"20":{"start":{"line":39,"column":10},"end":{"line":39,"column":null}},"21":{"start":{"line":40,"column":10},"end":{"line":40,"column":null}},"22":{"start":{"line":42,"column":8},"end":{"line":42,"column":null}},"23":{"start":{"line":42,"column":31},"end":{"line":42,"column":40}},"24":{"start":{"line":44,"column":6},"end":{"line":44,"column":null}},"25":{"start":{"line":44,"column":19},"end":{"line":44,"column":40}},"26":{"start":{"line":46,"column":22},"end":{"line":49,"column":13}},"27":{"start":{"line":47,"column":8},"end":{"line":47,"column":null}},"28":{"start":{"line":47,"column":34},"end":{"line":47,"column":43}},"29":{"start":{"line":48,"column":8},"end":{"line":48,"column":null}},"30":{"start":{"line":50,"column":6},"end":{"line":50,"column":null}},"31":{"start":{"line":50,"column":19},"end":{"line":50,"column":40}},"32":{"start":{"line":54,"column":2},"end":{"line":54,"column":null}},"33":{"start":{"line":54,"column":29},"end":{"line":54,"column":null}},"34":{"start":{"line":56,"column":2},"end":{"line":105,"column":null}},"35":{"start":{"line":78,"column":10},"end":{"line":78,"column":null}},"36":{"start":{"line":78,"column":32},"end":{"line":78,"column":null}},"37":{"start":{"line":80,"column":28},"end":{"line":80,"column":null}},"38":{"start":{"line":81,"column":35},"end":{"line":81,"column":83}},"39":{"start":{"line":82,"column":33},"end":{"line":82,"column":80}},"40":{"start":{"line":84,"column":10},"end":{"line":99,"column":null}},"41":{"start":{"line":90,"column":18},"end":{"line":90,"column":null}},"42":{"start":{"line":90,"column":42},"end":{"line":90,"column":null}},"43":{"start":{"line":91,"column":18},"end":{"line":91,"column":null}},"44":{"start":{"line":91,"column":49},"end":{"line":91,"column":null}},"45":{"start":{"line":92,"column":18},"end":{"line":92,"column":null}}},"fnMap":{"0":{"name":"(anonymous_0)","decl":{"start":{"line":15,"column":13},"end":{"line":15,"column":60}},"loc":{"start":{"line":15,"column":86},"end":{"line":105,"column":null}},"line":15},"1":{"name":"(anonymous_1)","decl":{"start":{"line":21,"column":2},"end":{"line":21,"column":18}},"loc":{"start":{"line":21,"column":18},"end":{"line":28,"column":6}},"line":21},"2":{"name":"(anonymous_2)","decl":{"start":{"line":23,"column":32},"end":{"line":23,"column":42}},"loc":{"start":{"line":23,"column":42},"end":{"line":23,"column":45}},"line":23},"3":{"name":"(anonymous_3)","decl":{"start":{"line":30,"column":2},"end":{"line":30,"column":18}},"loc":{"start":{"line":30,"column":18},"end":{"line":52,"column":6}},"line":30},"4":{"name":"(anonymous_4)","decl":{"start":{"line":36,"column":22},"end":{"line":36,"column":39}},"loc":{"start":{"line":36,"column":39},"end":{"line":43,"column":12}},"line":36},"5":{"name":"(anonymous_5)","decl":{"start":{"line":37,"column":8},"end":{"line":37,"column":26}},"loc":{"start":{"line":37,"column":35},"end":{"line":41,"column":null}},"line":37},"6":{"name":"(anonymous_6)","decl":{"start":{"line":42,"column":8},"end":{"line":42,"column":22}},"loc":{"start":{"line":42,"column":31},"end":{"line":42,"column":40}},"line":42},"7":{"name":"(anonymous_7)","decl":{"start":{"line":44,"column":6},"end":{"line":44,"column":19}},"loc":{"start":{"line":44,"column":19},"end":{"line":44,"column":40}},"line":44},"8":{"name":"(anonymous_8)","decl":{"start":{"line":46,"column":22},"end":{"line":46,"column":39}},"loc":{"start":{"line":46,"column":39},"end":{"line":49,"column":13}},"line":46},"9":{"name":"(anonymous_9)","decl":{"start":{"line":47,"column":8},"end":{"line":47,"column":25}},"loc":{"start":{"line":47,"column":34},"end":{"line":47,"column":43}},"line":47},"10":{"name":"(anonymous_10)","decl":{"start":{"line":50,"column":6},"end":{"line":50,"column":19}},"loc":{"start":{"line":50,"column":19},"end":{"line":50,"column":40}},"line":50},"11":{"name":"(anonymous_11)","decl":{"start":{"line":77,"column":23},"end":{"line":77,"column":28}},"loc":{"start":{"line":77,"column":40},"end":{"line":101,"column":null}},"line":77},"12":{"name":"(anonymous_12)","decl":{"start":{"line":89,"column":44},"end":{"line":89,"column":49}},"loc":{"start":{"line":89,"column":61},"end":{"line":93,"column":null}},"line":89}},"branchMap":{"0":{"loc":{"start":{"line":22,"column":4},"end":{"line":26,"column":null}},"type":"if","locations":[{"start":{"line":22,"column":4},"end":{"line":26,"column":null}},{"start":{},"end":{}}],"line":22},"1":{"loc":{"start":{"line":31,"column":4},"end":{"line":31,"column":null}},"type":"if","locations":[{"start":{"line":31,"column":4},"end":{"line":31,"column":null}},{"start":{},"end":{}}],"line":31},"2":{"loc":{"start":{"line":31,"column":8},"end":{"line":31,"column":54}},"type":"binary-expr","locations":[{"start":{"line":31,"column":8},"end":{"line":31,"column":21}},{"start":{"line":31,"column":21},"end":{"line":31,"column":54}}],"line":31},"3":{"loc":{"start":{"line":35,"column":4},"end":{"line":50,"column":null}},"type":"if","locations":[{"start":{"line":35,"column":4},"end":{"line":50,"column":null}},{"start":{"line":45,"column":11},"end":{"line":50,"column":null}}],"line":35},"4":{"loc":{"start":{"line":54,"column":2},"end":{"line":54,"column":null}},"type":"if","locations":[{"start":{"line":54,"column":2},"end":{"line":54,"column":null}},{"start":{},"end":{}}],"line":54},"5":{"loc":{"start":{"line":78,"column":10},"end":{"line":78,"column":null}},"type":"if","locations":[{"start":{"line":78,"column":10},"end":{"line":78,"column":null}},{"start":{},"end":{}}],"line":78},"6":{"loc":{"start":{"line":80,"column":28},"end":{"line":80,"column":null}},"type":"binary-expr","locations":[{"start":{"line":80,"column":28},"end":{"line":80,"column":55}},{"start":{"line":80,"column":55},"end":{"line":80,"column":null}}],"line":80},"7":{"loc":{"start":{"line":90,"column":18},"end":{"line":90,"column":null}},"type":"if","locations":[{"start":{"line":90,"column":18},"end":{"line":90,"column":null}},{"start":{},"end":{}}],"line":90},"8":{"loc":{"start":{"line":91,"column":18},"end":{"line":91,"column":null}},"type":"if","locations":[{"start":{"line":91,"column":18},"end":{"line":91,"column":null}},{"start":{},"end":{}}],"line":91},"9":{"loc":{"start":{"line":95,"column":17},"end":{"line":96,"column":null}},"type":"binary-expr","locations":[{"start":{"line":95,"column":17},"end":{"line":95,"column":39}},{"start":{"line":95,"column":39},"end":{"line":95,"column":null}},{"start":{"line":96,"column":18},"end":{"line":96,"column":null}}],"line":95},"10":{"loc":{"start":{"line":102,"column":9},"end":{"line":105,"column":null}},"type":"binary-expr","locations":[{"start":{"line":102,"column":9},"end":{"line":102,"column":null}},{"start":{"line":103,"column":10},"end":{"line":105,"column":null}}],"line":102}},"s":{"0":1,"1":5,"2":5,"3":5,"4":5,"5":5,"6":3,"7":2,"8":2,"9":2,"10":2,"11":2,"12":5,"13":5,"14":3,"15":2,"16":2,"17":2,"18":0,"19":0,"20":0,"21":0,"22":0,"23":0,"24":2,"25":2,"26":0,"27":0,"28":0,"29":0,"30":0,"31":0,"32":5,"33":1,"34":4,"35":2,"36":0,"37":2,"38":2,"39":2,"40":2,"41":2,"42":0,"43":2,"44":0,"45":2},"f":{"0":5,"1":3,"2":2,"3":5,"4":0,"5":0,"6":0,"7":2,"8":0,"9":0,"10":0,"11":2,"12":2},"b":{"0":[2,1],"1":[3,2],"2":[5,2],"3":[2,0],"4":[1,4],"5":[0,2],"6":[2,0],"7":[0,2],"8":[0,2],"9":[2,2,2],"10":[4,0]},"meta":{"lastBranch":11,"lastFunction":13,"lastStatement":46,"seen":{"s:15:13:105:Infinity":0,"f:15:13:15:60":0,"s:16:24:16:66":1,"s:17:23:17:53":2,"s:18:20:18:47":3,"s:19:19:19:49":4,"s:21:2:28:Infinity":5,"f:21:2:21:18":1,"b:22:4:26:Infinity:undefined:undefined:undefined:undefined":0,"s:22:4:26:Infinity":6,"s:23:6:23:Infinity":7,"f:23:32:23:42":2,"s:23:42:23:45":8,"s:24:6:24:Infinity":9,"s:25:6:25:Infinity":10,"s:26:6:26:Infinity":11,"s:30:2:52:Infinity":12,"f:30:2:30:18":3,"b:31:4:31:Infinity:undefined:undefined:undefined:undefined":1,"s:31:4:31:Infinity":13,"b:31:8:31:21:31:21:31:54":2,"s:31:54:31:Infinity":14,"s:33:27:33:Infinity":15,"b:35:4:50:Infinity:45:11:50:Infinity":3,"s:35:4:50:Infinity":16,"s:36:22:43:12":17,"f:36:22:36:39":4,"s:37:8:41:Infinity":18,"f:37:8:37:26":5,"s:38:26:38:35":19,"s:39:10:39:Infinity":20,"s:40:10:40:Infinity":21,"s:42:8:42:Infinity":22,"f:42:8:42:22":6,"s:42:31:42:40":23,"s:44:6:44:Infinity":24,"f:44:6:44:19":7,"s:44:19:44:40":25,"s:46:22:49:13":26,"f:46:22:46:39":8,"s:47:8:47:Infinity":27,"f:47:8:47:25":9,"s:47:34:47:43":28,"s:48:8:48:Infinity":29,"s:50:6:50:Infinity":30,"f:50:6:50:19":10,"s:50:19:50:40":31,"b:54:2:54:Infinity:undefined:undefined:undefined:undefined":4,"s:54:2:54:Infinity":32,"s:54:29:54:Infinity":33,"s:56:2:105:Infinity":34,"f:77:23:77:28":11,"b:78:10:78:Infinity:undefined:undefined:undefined:undefined":5,"s:78:10:78:Infinity":35,"s:78:32:78:Infinity":36,"s:80:28:80:Infinity":37,"b:80:28:80:55:80:55:80:Infinity":6,"s:81:35:81:83":38,"s:82:33:82:80":39,"s:84:10:99:Infinity":40,"f:89:44:89:49":12,"b:90:18:90:Infinity:undefined:undefined:undefined:undefined":7,"s:90:18:90:Infinity":41,"s:90:42:90:Infinity":42,"b:91:18:91:Infinity:undefined:undefined:undefined:undefined":8,"s:91:18:91:Infinity":43,"s:91:49:91:Infinity":44,"s:92:18:92:Infinity":45,"b:95:17:95:39:95:39:95:Infinity:96:18:96:Infinity":9,"b:102:9:102:Infinity:103:10:105:Infinity":10}}}
,"/Users/Enrique_Zetina/Documents/commit_app/web/src/components/quote-banner.tsx": {"path":"/Users/Enrique_Zetina/Documents/commit_app/web/src/components/quote-banner.tsx","statementMap":{"0":{"start":{"line":9,"column":13},"end":{"line":65,"column":null}},"1":{"start":{"line":10,"column":20},"end":{"line":10,"column":72}},"2":{"start":{"line":11,"column":18},"end":{"line":11,"column":46}},"3":{"start":{"line":13,"column":2},"end":{"line":29,"column":null}},"4":{"start":{"line":14,"column":23},"end":{"line":24,"column":null}},"5":{"start":{"line":15,"column":6},"end":{"line":24,"column":null}},"6":{"start":{"line":16,"column":20},"end":{"line":16,"column":45}},"7":{"start":{"line":17,"column":8},"end":{"line":19,"column":null}},"8":{"start":{"line":18,"column":23},"end":{"line":18,"column":39}},"9":{"start":{"line":19,"column":10},"end":{"line":19,"column":null}},"10":{"start":{"line":22,"column":8},"end":{"line":22,"column":null}},"11":{"start":{"line":24,"column":8},"end":{"line":24,"column":null}},"12":{"start":{"line":28,"column":4},"end":{"line":28,"column":null}},"13":{"start":{"line":31,"column":2},"end":{"line":38,"column":null}},"14":{"start":{"line":32,"column":4},"end":{"line":38,"column":null}},"15":{"start":{"line":42,"column":2},"end":{"line":42,"column":null}},"16":{"start":{"line":42,"column":18},"end":{"line":42,"column":null}},"17":{"start":{"line":45,"column":25},"end":{"line":45,"column":null}},"18":{"start":{"line":46,"column":20},"end":{"line":48,"column":null}},"19":{"start":{"line":50,"column":2},"end":{"line":65,"column":null}}},"fnMap":{"0":{"name":"(anonymous_0)","decl":{"start":{"line":9,"column":13},"end":{"line":9,"column":33}},"loc":{"start":{"line":9,"column":33},"end":{"line":65,"column":null}},"line":9},"1":{"name":"(anonymous_1)","decl":{"start":{"line":13,"column":2},"end":{"line":13,"column":18}},"loc":{"start":{"line":13,"column":18},"end":{"line":29,"column":7}},"line":13},"2":{"name":"(anonymous_2)","decl":{"start":{"line":14,"column":23},"end":{"line":14,"column":35}},"loc":{"start":{"line":14,"column":35},"end":{"line":24,"column":null}},"line":14}},"branchMap":{"0":{"loc":{"start":{"line":17,"column":8},"end":{"line":19,"column":null}},"type":"if","locations":[{"start":{"line":17,"column":8},"end":{"line":19,"column":null}},{"start":{},"end":{}}],"line":17},"1":{"loc":{"start":{"line":31,"column":2},"end":{"line":38,"column":null}},"type":"if","locations":[{"start":{"line":31,"column":2},"end":{"line":38,"column":null}},{"start":{},"end":{}}],"line":31},"2":{"loc":{"start":{"line":42,"column":2},"end":{"line":42,"column":null}},"type":"if","locations":[{"start":{"line":42,"column":2},"end":{"line":42,"column":null}},{"start":{},"end":{}}],"line":42},"3":{"loc":{"start":{"line":46,"column":20},"end":{"line":48,"column":null}},"type":"cond-expr","locations":[{"start":{"line":47,"column":6},"end":{"line":47,"column":null}},{"start":{"line":48,"column":6},"end":{"line":48,"column":null}}],"line":46}},"s":{"0":1,"1":5,"2":5,"3":5,"4":3,"5":3,"6":3,"7":2,"8":2,"9":2,"10":0,"11":2,"12":3,"13":5,"14":3,"15":2,"16":0,"17":2,"18":2,"19":5},"f":{"0":5,"1":3,"2":3},"b":{"0":[2,0],"1":[3,2],"2":[0,2],"3":[1,1]},"meta":{"lastBranch":4,"lastFunction":3,"lastStatement":20,"seen":{"s:9:13:65:Infinity":0,"f:9:13:9:33":0,"s:10:20:10:72":1,"s:11:18:11:46":2,"s:13:2:29:Infinity":3,"f:13:2:13:18":1,"s:14:23:24:Infinity":4,"f:14:23:14:35":2,"s:15:6:24:Infinity":5,"s:16:20:16:45":6,"b:17:8:19:Infinity:undefined:undefined:undefined:undefined":0,"s:17:8:19:Infinity":7,"s:18:23:18:39":8,"s:19:10:19:Infinity":9,"s:22:8:22:Infinity":10,"s:24:8:24:Infinity":11,"s:28:4:28:Infinity":12,"b:31:2:38:Infinity:undefined:undefined:undefined:undefined":1,"s:31:2:38:Infinity":13,"s:32:4:38:Infinity":14,"b:42:2:42:Infinity:undefined:undefined:undefined:undefined":2,"s:42:2:42:Infinity":15,"s:42:18:42:Infinity":16,"s:45:25:45:Infinity":17,"s:46:20:48:Infinity":18,"b:47:6:47:Infinity:48:6:48:Infinity":3,"s:50:2:65:Infinity":19}}}
}
