mode: set
github.com/ezetina/commit/api/internal/repository/sqlite.go:19.68,21.16 2 0
github.com/ezetina/commit/api/internal/repository/sqlite.go:21.16,23.3 1 0
github.com/ezetina/commit/api/internal/repository/sqlite.go:25.2,26.42 2 0
github.com/ezetina/commit/api/internal/repository/sqlite.go:26.42,28.3 1 0
github.com/ezetina/commit/api/internal/repository/sqlite.go:30.2,30.18 1 0
github.com/ezetina/commit/api/internal/repository/sqlite.go:33.47,52.28 2 0
github.com/ezetina/commit/api/internal/repository/sqlite.go:52.28,53.41 1 0
github.com/ezetina/commit/api/internal/repository/sqlite.go:53.41,55.4 1 0
github.com/ezetina/commit/api/internal/repository/sqlite.go:60.2,64.12 4 0
github.com/ezetina/commit/api/internal/repository/sqlite.go:67.144,70.32 3 0
github.com/ezetina/commit/api/internal/repository/sqlite.go:70.32,72.3 1 0
github.com/ezetina/commit/api/internal/repository/sqlite.go:74.2,76.16 3 0
github.com/ezetina/commit/api/internal/repository/sqlite.go:76.16,78.3 1 0
github.com/ezetina/commit/api/internal/repository/sqlite.go:79.2,86.8 1 0
github.com/ezetina/commit/api/internal/repository/sqlite.go:89.84,92.16 3 0
github.com/ezetina/commit/api/internal/repository/sqlite.go:92.16,94.3 1 0
github.com/ezetina/commit/api/internal/repository/sqlite.go:95.2,98.18 3 0
github.com/ezetina/commit/api/internal/repository/sqlite.go:98.18,101.110 3 0
github.com/ezetina/commit/api/internal/repository/sqlite.go:101.110,103.4 1 0
github.com/ezetina/commit/api/internal/repository/sqlite.go:105.3,109.29 4 0
github.com/ezetina/commit/api/internal/repository/sqlite.go:111.2,111.20 1 0
github.com/ezetina/commit/api/internal/repository/sqlite.go:114.96,119.16 5 0
github.com/ezetina/commit/api/internal/repository/sqlite.go:119.16,121.3 1 0
github.com/ezetina/commit/api/internal/repository/sqlite.go:123.2,127.15 4 0
github.com/ezetina/commit/api/internal/repository/sqlite.go:130.121,140.16 3 0
github.com/ezetina/commit/api/internal/repository/sqlite.go:140.16,142.3 1 0
github.com/ezetina/commit/api/internal/repository/sqlite.go:143.2,146.18 3 0
github.com/ezetina/commit/api/internal/repository/sqlite.go:146.18,148.56 2 0
github.com/ezetina/commit/api/internal/repository/sqlite.go:148.56,150.4 1 0
github.com/ezetina/commit/api/internal/repository/sqlite.go:151.3,151.26 1 0
github.com/ezetina/commit/api/internal/repository/sqlite.go:153.2,153.18 1 0
github.com/ezetina/commit/api/internal/repository/sqlite.go:156.102,161.2 4 0
github.com/ezetina/commit/api/internal/repository/sqlite.go:163.131,165.32 2 0
github.com/ezetina/commit/api/internal/repository/sqlite.go:165.32,167.3 1 0
github.com/ezetina/commit/api/internal/repository/sqlite.go:169.2,171.12 3 0
github.com/ezetina/commit/api/internal/repository/sqlite.go:174.78,176.16 2 0
github.com/ezetina/commit/api/internal/repository/sqlite.go:176.16,178.3 1 0
github.com/ezetina/commit/api/internal/repository/sqlite.go:179.2,181.97 2 0
github.com/ezetina/commit/api/internal/repository/sqlite.go:181.97,183.3 1 0
github.com/ezetina/commit/api/internal/repository/sqlite.go:185.2,185.86 1 0
github.com/ezetina/commit/api/internal/repository/sqlite.go:185.86,187.3 1 0
github.com/ezetina/commit/api/internal/repository/sqlite.go:189.2,189.20 1 0
github.com/ezetina/commit/api/internal/repository/sqlite.go:192.42,194.2 1 0
github.com/ezetina/commit/api/cmd/api/main.go:18.13,20.2 1 0
github.com/ezetina/commit/api/cmd/api/main.go:22.13,24.18 2 0
github.com/ezetina/commit/api/cmd/api/main.go:24.18,26.3 1 0
github.com/ezetina/commit/api/cmd/api/main.go:28.2,29.16 2 0
github.com/ezetina/commit/api/cmd/api/main.go:29.16,31.3 1 0
github.com/ezetina/commit/api/cmd/api/main.go:32.2,40.64 6 0
github.com/ezetina/commit/api/cmd/api/main.go:40.64,42.3 1 0
github.com/ezetina/commit/api/cmd/api/main.go:44.2,44.37 1 0
github.com/ezetina/commit/api/cmd/api/main.go:44.37,45.64 1 0
github.com/ezetina/commit/api/cmd/api/main.go:45.64,47.20 2 0
github.com/ezetina/commit/api/cmd/api/main.go:47.20,50.5 2 0
github.com/ezetina/commit/api/cmd/api/main.go:52.4,55.18 3 0
github.com/ezetina/commit/api/cmd/api/main.go:55.18,58.5 2 0
github.com/ezetina/commit/api/cmd/api/main.go:59.4,63.18 4 0
github.com/ezetina/commit/api/cmd/api/main.go:63.18,66.5 2 0
github.com/ezetina/commit/api/cmd/api/main.go:67.4,69.40 2 0
github.com/ezetina/commit/api/cmd/api/main.go:69.40,73.5 3 0
github.com/ezetina/commit/api/cmd/api/main.go:75.4,76.69 2 0
github.com/ezetina/commit/api/cmd/api/main.go:76.69,79.5 2 0
github.com/ezetina/commit/api/cmd/api/main.go:81.4,81.24 1 0
github.com/ezetina/commit/api/cmd/api/main.go:81.24,84.5 2 0
github.com/ezetina/commit/api/cmd/api/main.go:86.4,87.40 2 0
github.com/ezetina/commit/api/cmd/api/main.go:90.3,90.67 1 0
github.com/ezetina/commit/api/cmd/api/main.go:90.67,92.18 2 0
github.com/ezetina/commit/api/cmd/api/main.go:92.18,95.5 2 0
github.com/ezetina/commit/api/cmd/api/main.go:97.4,97.23 1 0
github.com/ezetina/commit/api/cmd/api/main.go:97.23,99.5 1 0
github.com/ezetina/commit/api/cmd/api/main.go:100.4,100.39 1 0
github.com/ezetina/commit/api/cmd/api/main.go:103.3,103.65 1 0
github.com/ezetina/commit/api/cmd/api/main.go:103.65,105.18 2 0
github.com/ezetina/commit/api/cmd/api/main.go:105.18,108.5 2 0
github.com/ezetina/commit/api/cmd/api/main.go:109.4,109.37 1 0
github.com/ezetina/commit/api/cmd/api/main.go:112.3,112.66 1 0
github.com/ezetina/commit/api/cmd/api/main.go:112.66,119.63 2 0
github.com/ezetina/commit/api/cmd/api/main.go:119.63,122.5 2 0
github.com/ezetina/commit/api/cmd/api/main.go:124.4,125.18 2 0
github.com/ezetina/commit/api/cmd/api/main.go:125.18,128.5 2 0
github.com/ezetina/commit/api/cmd/api/main.go:129.4,130.36 2 0
github.com/ezetina/commit/api/cmd/api/main.go:133.3,133.70 1 0
github.com/ezetina/commit/api/cmd/api/main.go:133.70,141.63 3 0
github.com/ezetina/commit/api/cmd/api/main.go:141.63,144.5 2 0
github.com/ezetina/commit/api/cmd/api/main.go:146.4,146.125 1 0
github.com/ezetina/commit/api/cmd/api/main.go:146.125,149.5 2 0
github.com/ezetina/commit/api/cmd/api/main.go:150.4,150.32 1 0
github.com/ezetina/commit/api/cmd/api/main.go:153.3,153.73 1 0
github.com/ezetina/commit/api/cmd/api/main.go:153.73,155.68 2 0
github.com/ezetina/commit/api/cmd/api/main.go:155.68,158.5 2 0
github.com/ezetina/commit/api/cmd/api/main.go:159.4,159.39 1 0
github.com/ezetina/commit/api/cmd/api/main.go:162.3,162.68 1 0
github.com/ezetina/commit/api/cmd/api/main.go:162.68,168.63 2 0
github.com/ezetina/commit/api/cmd/api/main.go:168.63,171.5 2 0
github.com/ezetina/commit/api/cmd/api/main.go:173.4,173.22 1 0
github.com/ezetina/commit/api/cmd/api/main.go:173.22,175.5 1 0
github.com/ezetina/commit/api/cmd/api/main.go:177.4,177.94 1 0
github.com/ezetina/commit/api/cmd/api/main.go:177.94,180.5 2 0
github.com/ezetina/commit/api/cmd/api/main.go:181.4,181.39 1 0
github.com/ezetina/commit/api/cmd/api/main.go:185.2,186.16 2 0
github.com/ezetina/commit/api/cmd/api/main.go:186.16,188.3 1 0
github.com/ezetina/commit/api/cmd/api/main.go:190.2,191.57 2 0
github.com/ezetina/commit/api/cmd/api/main.go:191.57,193.3 1 0
github.com/ezetina/commit/api/internal/service/habit_service.go:31.58,33.2 1 1
github.com/ezetina/commit/api/internal/service/habit_service.go:35.81,37.16 2 1
github.com/ezetina/commit/api/internal/service/habit_service.go:37.16,39.3 1 0
github.com/ezetina/commit/api/internal/service/habit_service.go:41.2,74.27 7 1
github.com/ezetina/commit/api/internal/service/habit_service.go:74.27,77.38 3 1
github.com/ezetina/commit/api/internal/service/habit_service.go:77.38,78.34 1 1
github.com/ezetina/commit/api/internal/service/habit_service.go:78.34,81.5 2 1
github.com/ezetina/commit/api/internal/service/habit_service.go:84.3,84.20 1 1
github.com/ezetina/commit/api/internal/service/habit_service.go:84.20,89.27 4 1
github.com/ezetina/commit/api/internal/service/habit_service.go:89.27,92.35 2 1
github.com/ezetina/commit/api/internal/service/habit_service.go:93.15,94.81 1 0
github.com/ezetina/commit/api/internal/service/habit_service.go:95.12,96.81 1 0
github.com/ezetina/commit/api/internal/service/habit_service.go:97.13,98.81 1 1
github.com/ezetina/commit/api/internal/service/habit_service.go:100.10,103.37 2 1
github.com/ezetina/commit/api/internal/service/habit_service.go:104.15,105.65 1 1
github.com/ezetina/commit/api/internal/service/habit_service.go:106.13,107.65 1 0
github.com/ezetina/commit/api/internal/service/habit_service.go:111.4,116.6 1 1
github.com/ezetina/commit/api/internal/service/habit_service.go:120.2,120.22 1 1
github.com/ezetina/commit/api/internal/service/habit_service.go:123.140,125.2 1 0
github.com/ezetina/commit/api/internal/service/habit_service.go:127.127,129.2 1 0
github.com/ezetina/commit/api/internal/service/habit_service.go:131.74,133.2 1 0
github.com/ezetina/commit/api/internal/service/habit_service.go:135.81,137.16 2 1
github.com/ezetina/commit/api/internal/service/habit_service.go:137.16,139.3 1 0
github.com/ezetina/commit/api/internal/service/habit_service.go:141.2,141.27 1 1
github.com/ezetina/commit/api/internal/service/habit_service.go:141.27,143.17 2 1
github.com/ezetina/commit/api/internal/service/habit_service.go:143.17,145.4 1 0
github.com/ezetina/commit/api/internal/service/habit_service.go:146.3,147.69 2 1
github.com/ezetina/commit/api/internal/service/habit_service.go:150.2,150.20 1 1
github.com/ezetina/commit/api/internal/service/habit_service.go:153.102,155.19 1 0
github.com/ezetina/commit/api/internal/service/habit_service.go:155.19,157.17 2 0
github.com/ezetina/commit/api/internal/service/habit_service.go:157.17,159.4 1 0
github.com/ezetina/commit/api/internal/service/habit_service.go:160.3,160.61 1 0
github.com/ezetina/commit/api/internal/service/habit_service.go:162.2,162.59 1 0
github.com/ezetina/commit/api/internal/service/habit_service.go:165.93,166.27 1 1
github.com/ezetina/commit/api/internal/service/habit_service.go:166.27,168.3 1 1
github.com/ezetina/commit/api/internal/service/habit_service.go:170.2,177.32 5 1
github.com/ezetina/commit/api/internal/service/habit_service.go:177.32,178.51 1 1
github.com/ezetina/commit/api/internal/service/habit_service.go:178.51,180.9 2 1
github.com/ezetina/commit/api/internal/service/habit_service.go:184.2,184.18 1 1
github.com/ezetina/commit/api/internal/service/habit_service.go:184.18,186.3 1 1
github.com/ezetina/commit/api/internal/service/habit_service.go:189.2,190.32 2 1
github.com/ezetina/commit/api/internal/service/habit_service.go:190.32,192.3 1 1
github.com/ezetina/commit/api/internal/service/habit_service.go:194.2,195.20 2 1
github.com/ezetina/commit/api/internal/service/habit_service.go:195.20,197.3 1 1
github.com/ezetina/commit/api/internal/service/habit_service.go:199.2,199.20 1 1
github.com/ezetina/commit/api/internal/service/habit_service.go:199.20,202.3 2 1
github.com/ezetina/commit/api/internal/service/habit_service.go:204.2,204.15 1 1
github.com/ezetina/commit/api/internal/service/habit_service.go:207.75,211.2 3 1
github.com/ezetina/commit/api/internal/service/habit_service.go:213.77,217.2 3 1
github.com/ezetina/commit/api/internal/service/habit_service.go:219.63,222.2 2 1
